e:\myfile\importantdocuments\misaka\project\c++\llfcchat\chatapplication\ui_logindialog.h
e:\myfile\importantdocuments\misaka\project\c++\llfcchat\chatapplication\ui_mainwindow.h
e:\myfile\importantdocuments\misaka\project\c++\llfcchat\chatapplication\ui_registerdialog.h
e:\myfile\importantdocuments\misaka\project\c++\llfcchat\chatapplication\debug\qrc_re.cpp
e:\myfile\importantdocuments\misaka\project\c++\llfcchat\chatapplication\debug\moc_httpmgr.cpp
e:\myfile\importantdocuments\misaka\project\c++\llfcchat\chatapplication\debug\moc_logindialog.cpp
e:\myfile\importantdocuments\misaka\project\c++\llfcchat\chatapplication\debug\moc_mainwindow.cpp
e:\myfile\importantdocuments\misaka\project\c++\llfcchat\chatapplication\debug\moc_registerdialog.cpp
e:\myfile\importantdocuments\misaka\project\c++\llfcchat\chatapplication\debug\global.obj
e:\myfile\importantdocuments\misaka\project\c++\llfcchat\chatapplication\debug\main.obj
e:\myfile\importantdocuments\misaka\project\c++\llfcchat\chatapplication\debug\httpmgr.obj
e:\myfile\importantdocuments\misaka\project\c++\llfcchat\chatapplication\debug\mainwindow.obj
e:\myfile\importantdocuments\misaka\project\c++\llfcchat\chatapplication\debug\logindialog.obj
e:\myfile\importantdocuments\misaka\project\c++\llfcchat\chatapplication\debug\moc_predefs.h
e:\myfile\importantdocuments\misaka\project\c++\llfcchat\chatapplication\debug\vc143.pdb
e:\myfile\importantdocuments\misaka\project\c++\llfcchat\chatapplication\debug\chatapplication.tlog\chatapplication.write.1u.tlog
e:\myfile\importantdocuments\misaka\project\c++\llfcchat\chatapplication\debug\chatapplication.tlog\cl.17948.write.1.tlog
e:\myfile\importantdocuments\misaka\project\c++\llfcchat\chatapplication\debug\chatapplication.tlog\cl.command.1.tlog
e:\myfile\importantdocuments\misaka\project\c++\llfcchat\chatapplication\debug\chatapplication.tlog\cl.read.1.tlog
e:\myfile\importantdocuments\misaka\project\c++\llfcchat\chatapplication\debug\chatapplication.tlog\custombuild.command.1.tlog
e:\myfile\importantdocuments\misaka\project\c++\llfcchat\chatapplication\debug\chatapplication.tlog\custombuild.read.1.tlog
e:\myfile\importantdocuments\misaka\project\c++\llfcchat\chatapplication\debug\chatapplication.tlog\custombuild.write.1.tlog
e:\myfile\importantdocuments\misaka\project\c++\llfcchat\chatapplication\debug\chatapplication.tlog\moc.read.1u.tlog
e:\myfile\importantdocuments\misaka\project\c++\llfcchat\chatapplication\debug\chatapplication.tlog\moc.write.1u.tlog
e:\myfile\importantdocuments\misaka\project\c++\llfcchat\chatapplication\debug\chatapplication.tlog\rcc.read.1u.tlog
e:\myfile\importantdocuments\misaka\project\c++\llfcchat\chatapplication\debug\chatapplication.tlog\rcc.write.1u.tlog
e:\myfile\importantdocuments\misaka\project\c++\llfcchat\chatapplication\debug\chatapplication.tlog\uic.read.1u.tlog
e:\myfile\importantdocuments\misaka\project\c++\llfcchat\chatapplication\debug\chatapplication.tlog\uic.write.1u.tlog
