e:\myfile\importantdocuments\misaka\project\c++\llfcchat\gatesever\gatesever\x64\debug\vc143.pdb
e:\myfile\importantdocuments\misaka\project\c++\llfcchat\gatesever\gatesever\x64\debug\vc143.idb
e:\myfile\importantdocuments\misaka\project\c++\llfcchat\gatesever\gatesever\x64\debug\logicsystem.obj
e:\myfile\importantdocuments\misaka\project\c++\llfcchat\gatesever\gatesever\x64\debug\httpconnection.obj
e:\myfile\importantdocuments\misaka\project\c++\llfcchat\gatesever\gatesever\x64\debug\cserver.obj
e:\myfile\importantdocuments\misaka\project\c++\llfcchat\gatesever\gatesever\x64\debug\gatesever.obj
e:\myfile\importantdocuments\misaka\project\c++\llfcchat\gatesever\gatesever\x64\debug\gatesever.ilk
e:\myfile\importantdocuments\misaka\project\c++\llfcchat\gatesever\x64\debug\gatesever.pdb
e:\myfile\importantdocuments\misaka\project\c++\llfcchat\gatesever\gatesever\x64\debug\gatesever.tlog\cl.command.1.tlog
e:\myfile\importantdocuments\misaka\project\c++\llfcchat\gatesever\gatesever\x64\debug\gatesever.tlog\cl.items.tlog
e:\myfile\importantdocuments\misaka\project\c++\llfcchat\gatesever\gatesever\x64\debug\gatesever.tlog\cl.read.1.tlog
e:\myfile\importantdocuments\misaka\project\c++\llfcchat\gatesever\gatesever\x64\debug\gatesever.tlog\cl.write.1.tlog
e:\myfile\importantdocuments\misaka\project\c++\llfcchat\gatesever\gatesever\x64\debug\gatesever.tlog\link-cvtres.read.1.tlog
e:\myfile\importantdocuments\misaka\project\c++\llfcchat\gatesever\gatesever\x64\debug\gatesever.tlog\link-cvtres.write.1.tlog
e:\myfile\importantdocuments\misaka\project\c++\llfcchat\gatesever\gatesever\x64\debug\gatesever.tlog\link-rc.read.1.tlog
e:\myfile\importantdocuments\misaka\project\c++\llfcchat\gatesever\gatesever\x64\debug\gatesever.tlog\link-rc.write.1.tlog
e:\myfile\importantdocuments\misaka\project\c++\llfcchat\gatesever\gatesever\x64\debug\gatesever.tlog\link.command.1.tlog
e:\myfile\importantdocuments\misaka\project\c++\llfcchat\gatesever\gatesever\x64\debug\gatesever.tlog\link.read.1.tlog
e:\myfile\importantdocuments\misaka\project\c++\llfcchat\gatesever\gatesever\x64\debug\gatesever.tlog\link.read.2.tlog
e:\myfile\importantdocuments\misaka\project\c++\llfcchat\gatesever\gatesever\x64\debug\gatesever.tlog\link.read.3.tlog
e:\myfile\importantdocuments\misaka\project\c++\llfcchat\gatesever\gatesever\x64\debug\gatesever.tlog\link.read.4.tlog
e:\myfile\importantdocuments\misaka\project\c++\llfcchat\gatesever\gatesever\x64\debug\gatesever.tlog\link.secondary.1.tlog
e:\myfile\importantdocuments\misaka\project\c++\llfcchat\gatesever\gatesever\x64\debug\gatesever.tlog\link.write.1.tlog
